11 ; 22 ; 33 ; 44 ; 55 ; 1
11 ; 22 ; 33 ; 44 ; 55 ; 1
11 ; 22 ; 33 ; 44 ; 55 ; 1
11 ; 22 ; 33 ; 44 ; 55 ; 1
11 ; 22 ; 33 ; 44 ; 55 ; 1
11 ; 22 ; 33 ; 44 ; 55 ; 1
11 ; 22 ; 33 ; 44 ; 55 ; 1
11 ; 22 ; 33 ; 44 ; 55 ; 1
11 ; 22 ; 33 ; 44 ; 55 ; 1
11 ; 22 ; 33 ; 44 ; 55 ; 1
11 ; 22 ; 33 ; 44 ; 55 ; 1
11 ; 22 ; 33 ; 44 ; 55 ; 1
11 ; 22 ; 33 ; 44 ; 55 ; 1
11 ; 22 ; 33 ; 44 ; 55 ; 1
11 ; 22 ; 33 ; 44 ; 55 ; 1
11 ; 22 ; 33 ; 44 ; 55 ; 1
11 ; 22 ; 33 ; 44 ; 55 ; 1
11 ; 22 ; 33 ; 44 ; 55 ; 1
11 ; 22 ; 33 ; 44 ; 55 ; 1
11 ; 22 ; 33 ; 44 ; 55 ; 1
11 ; 22 ; 33 ; 44 ; 55 ; 1
11 ; 22 ; 33 ; 44 ; 55 ; 1
11 ; 22 ; 33 ; 44 ; 55 ; 1
11 ; 22 ; 33 ; 44 ; 55 ; 1
11 ; 22 ; 33 ; 44 ; 55 ; 1
11 ; 22 ; 33 ; 44 ; 55 ; 1
11 ; 22 ; 33 ; 44 ; 55 ; 1
11 ; 22 ; 33 ; 44 ; 55 ; 1
11 ; 22 ; 33 ; 44 ; 55 ; 1
11 ; 22 ; 33 ; 44 ; 55 ; 1
11 ; 22 ; 33 ; 44 ; 55 ; 1
11 ; 22 ; 33 ; 44 ; 55 ; 1
11 ; 22 ; 33 ; 44 ; 55 ; 1
11 ; 22 ; 33 ; 44 ; 55 ; 1
11 ; 22 ; 33 ; 44 ; 55 ; 1
11 ; 22 ; 33 ; 44 ; 55 ; 1
11 ; 22 ; 33 ; 44 ; 55 ; 1
11 ; 22 ; 33 ; 44 ; 55 ; 1
11 ; 22 ; 33 ; 44 ; 55 ; 1
11 ; 22 ; 33 ; 44 ; 55 ; 1
11 ; 22 ; 33 ; 44 ; 55 ; 1
11 ; 22 ; 33 ; 44 ; 55 ; 1
11 ; 22 ; 33 ; 44 ; 55 ; 1
11 ; 22 ; 33 ; 44 ; 55 ; 1
11 ; 22 ; 33 ; 44 ; 55 ; 1
11 ; 22 ; 33 ; 44 ; 55 ; 1
11 ; 22 ; 33 ; 44 ; 55 ; 1
11 ; 22 ; 33 ; 44 ; 55 ; 1
11 ; 22 ; 33 ; 44 ; 55 ; 1
11 ; 22 ; 33 ; 44 ; 55 ; 1
11 ; 22 ; 33 ; 44 ; 55 ; 1
11 ; 22 ; 33 ; 44 ; 55 ; 1
11 ; 22 ; 33 ; 44 ; 55 ; 1
11 ; 22 ; 33 ; 44 ; 55 ; 1
11 ; 22 ; 33 ; 44 ; 55 ; 1
11 ; 22 ; 33 ; 44 ; 55 ; 1
11 ; 22 ; 33 ; 44 ; 55 ; 1
11 ; 22 ; 33 ; 44 ; 55 ; 1
11 ; 22 ; 33 ; 44 ; 55 ; 1
11 ; 22 ; 33 ; 44 ; 55 ; 1
11 ; 22 ; 33 ; 44 ; 55 ; 1
11 ; 22 ; 33 ; 44 ; 55 ; 1
11 ; 22 ; 33 ; 44 ; 55 ; 1
11 ; 22 ; 33 ; 44 ; 55 ; 1
11 ; 22 ; 33 ; 44 ; 55 ; 1
11 ; 22 ; 33 ; 44 ; 55 ; 1
11 ; 22 ; 33 ; 44 ; 55 ; 1
11 ; 22 ; 33 ; 44 ; 55 ; 1
11 ; 22 ; 33 ; 44 ; 55 ; 1
11 ; 22 ; 33 ; 44 ; 55 ; 1
11 ; 22 ; 33 ; 44 ; 55 ; 1
11 ; 22 ; 33 ; 44 ; 55 ; 1
11 ; 22 ; 33 ; 44 ; 55 ; 1
11 ; 22 ; 33 ; 44 ; 55 ; 1
11 ; 22 ; 33 ; 44 ; 55 ; 1
11 ; 22 ; 33 ; 44 ; 55 ; 1
11 ; 22 ; 33 ; 44 ; 55 ; 1
11 ; 22 ; 33 ; 44 ; 55 ; 1
11 ; 22 ; 33 ; 44 ; 55 ; 1
11 ; 22 ; 33 ; 44 ; 55 ; 1
11 ; 22 ; 33 ; 44 ; 55 ; 1
11 ; 22 ; 33 ; 44 ; 55 ; 1
11 ; 22 ; 33 ; 44 ; 55 ; 1
11 ; 22 ; 33 ; 44 ; 55 ; 1
11 ; 22 ; 33 ; 44 ; 55 ; 1
11 ; 22 ; 33 ; 44 ; 55 ; 1
11 ; 22 ; 33 ; 44 ; 55 ; 1
11 ; 22 ; 33 ; 44 ; 55 ; 1
11 ; 22 ; 33 ; 44 ; 55 ; 1
11 ; 22 ; 33 ; 44 ; 55 ; 1
11 ; 22 ; 33 ; 44 ; 55 ; 1
11 ; 22 ; 33 ; 44 ; 55 ; 1
11 ; 22 ; 33 ; 44 ; 55 ; 1
11 ; 22 ; 33 ; 44 ; 55 ; 1
11 ; 22 ; 33 ; 44 ; 55 ; 1
11 ; 22 ; 33 ; 44 ; 55 ; 1
11 ; 22 ; 33 ; 44 ; 55 ; 1
11 ; 22 ; 33 ; 44 ; 55 ; 1
11 ; 22 ; 33 ; 44 ; 55 ; 1
11 ; 22 ; 33 ; 44 ; 55 ; 1
11 ; 22 ; 33 ; 44 ; 55 ; 1
11 ; 22 ; 33 ; 44 ; 55 ; 1
11 ; 22 ; 33 ; 44 ; 55 ; 1
11 ; 22 ; 33 ; 44 ; 55 ; 1
11 ; 22 ; 33 ; 44 ; 55 ; 1
11 ; 22 ; 33 ; 44 ; 55 ; 1
11 ; 22 ; 33 ; 44 ; 55 ; 1
11 ; 22 ; 33 ; 44 ; 55 ; 1
11 ; 22 ; 33 ; 44 ; 55 ; 1
11 ; 22 ; 33 ; 44 ; 55 ; 1
11 ; 22 ; 33 ; 44 ; 55 ; 1
11 ; 22 ; 33 ; 44 ; 55 ; 1
11 ; 22 ; 33 ; 44 ; 55 ; 1
11 ; 22 ; 33 ; 44 ; 55 ; 1
11 ; 22 ; 33 ; 44 ; 55 ; 1
11 ; 22 ; 33 ; 44 ; 55 ; 1
11 ; 22 ; 33 ; 44 ; 55 ; 1
11 ; 22 ; 33 ; 44 ; 55 ; 1
11 ; 22 ; 33 ; 44 ; 55 ; 1
11 ; 22 ; 33 ; 44 ; 55 ; 1
11 ; 22 ; 33 ; 44 ; 55 ; 1
11 ; 22 ; 33 ; 44 ; 55 ; 1
11 ; 22 ; 33 ; 44 ; 55 ; 1
11 ; 22 ; 33 ; 44 ; 55 ; 1
11 ; 22 ; 33 ; 44 ; 55 ; 1
11 ; 22 ; 33 ; 44 ; 55 ; 1
11 ; 22 ; 33 ; 44 ; 55 ; 1
11 ; 22 ; 33 ; 44 ; 55 ; 1
11 ; 22 ; 33 ; 44 ; 55 ; 1
11 ; 22 ; 33 ; 44 ; 55 ; 1
11 ; 22 ; 33 ; 44 ; 55 ; 1
11 ; 22 ; 33 ; 44 ; 55 ; 1
11 ; 22 ; 33 ; 44 ; 55 ; 1
11 ; 22 ; 33 ; 44 ; 55 ; 1
11 ; 22 ; 33 ; 44 ; 55 ; 1
11 ; 22 ; 33 ; 44 ; 55 ; 1
11 ; 22 ; 33 ; 44 ; 55 ; 1
11 ; 22 ; 33 ; 44 ; 55 ; 1
11 ; 22 ; 33 ; 44 ; 55 ; 1
11 ; 22 ; 33 ; 44 ; 55 ; 1
11 ; 22 ; 33 ; 44 ; 55 ; 1
11 ; 22 ; 33 ; 44 ; 55 ; 1
11 ; 22 ; 33 ; 44 ; 55 ; 1
11 ; 22 ; 33 ; 44 ; 55 ; 1
11 ; 22 ; 33 ; 44 ; 55 ; 1
11 ; 22 ; 33 ; 44 ; 55 ; 1
11 ; 22 ; 33 ; 44 ; 55 ; 1
11 ; 22 ; 33 ; 44 ; 55 ; 1
11 ; 22 ; 33 ; 44 ; 55 ; 1
11 ; 22 ; 33 ; 44 ; 55 ; 1
11 ; 22 ; 33 ; 44 ; 55 ; 1
11 ; 22 ; 33 ; 44 ; 55 ; 1
11 ; 22 ; 33 ; 44 ; 55 ; 1
11 ; 22 ; 33 ; 44 ; 55 ; 1
11 ; 22 ; 33 ; 44 ; 55 ; 1
11 ; 22 ; 33 ; 44 ; 55 ; 1
11 ; 22 ; 33 ; 44 ; 55 ; 1
11 ; 22 ; 33 ; 44 ; 55 ; 1
11 ; 22 ; 33 ; 44 ; 55 ; 1
11 ; 22 ; 33 ; 44 ; 55 ; 1
11 ; 22 ; 33 ; 44 ; 55 ; 1
11 ; 22 ; 33 ; 44 ; 55 ; 1
11 ; 22 ; 33 ; 44 ; 55 ; 1
11 ; 22 ; 33 ; 44 ; 55 ; 1
11 ; 22 ; 33 ; 44 ; 55 ; 1
11 ; 22 ; 33 ; 44 ; 55 ; 1
11 ; 22 ; 33 ; 44 ; 55 ; 1
11 ; 22 ; 33 ; 44 ; 55 ; 1
11 ; 22 ; 33 ; 44 ; 55 ; 1
11 ; 22 ; 33 ; 44 ; 55 ; 1
11 ; 22 ; 33 ; 44 ; 55 ; 1
11 ; 22 ; 33 ; 44 ; 55 ; 1
11 ; 22 ; 33 ; 44 ; 55 ; 1
11 ; 22 ; 33 ; 44 ; 55 ; 1
11 ; 22 ; 33 ; 44 ; 55 ; 1
11 ; 22 ; 33 ; 44 ; 55 ; 1
11 ; 22 ; 33 ; 44 ; 55 ; 1
11 ; 22 ; 33 ; 44 ; 55 ; 1
11 ; 22 ; 33 ; 44 ; 55 ; 1
11 ; 22 ; 33 ; 44 ; 55 ; 1
11 ; 22 ; 33 ; 44 ; 55 ; 1
11 ; 22 ; 33 ; 44 ; 55 ; 1
11 ; 22 ; 33 ; 44 ; 55 ; 1
11 ; 22 ; 33 ; 44 ; 55 ; 1
11 ; 22 ; 33 ; 44 ; 55 ; 1
11 ; 22 ; 33 ; 44 ; 55 ; 1
11 ; 22 ; 33 ; 44 ; 55 ; 1
11 ; 22 ; 33 ; 44 ; 55 ; 1
11 ; 22 ; 33 ; 44 ; 55 ; 1
11 ; 22 ; 33 ; 44 ; 55 ; 1
11 ; 22 ; 33 ; 44 ; 55 ; 1
11 ; 22 ; 33 ; 44 ; 55 ; 1
11 ; 22 ; 33 ; 44 ; 55 ; 1
11 ; 22 ; 33 ; 44 ; 55 ; 1
11 ; 22 ; 33 ; 44 ; 55 ; 1
11 ; 22 ; 33 ; 44 ; 55 ; 1
11 ; 22 ; 33 ; 44 ; 55 ; 1
11 ; 22 ; 33 ; 44 ; 55 ; 1
11 ; 22 ; 33 ; 44 ; 55 ; 1
11 ; 22 ; 33 ; 44 ; 55 ; 1
11 ; 22 ; 33 ; 44 ; 55 ; 1
11 ; 22 ; 33 ; 44 ; 55 ; 1
11 ; 22 ; 33 ; 44 ; 55 ; 1
11 ; 22 ; 33 ; 44 ; 55 ; 1
11 ; 22 ; 33 ; 44 ; 55 ; 1
11 ; 22 ; 33 ; 44 ; 55 ; 1
11 ; 22 ; 33 ; 44 ; 55 ; 1
11 ; 22 ; 33 ; 44 ; 55 ; 1
11 ; 22 ; 33 ; 44 ; 55 ; 1
11 ; 22 ; 33 ; 44 ; 55 ; 1
11 ; 22 ; 33 ; 44 ; 55 ; 1
11 ; 22 ; 33 ; 44 ; 55 ; 1
11 ; 22 ; 33 ; 44 ; 55 ; 1
11 ; 22 ; 33 ; 44 ; 55 ; 1
11 ; 22 ; 33 ; 44 ; 55 ; 1
11 ; 22 ; 33 ; 44 ; 55 ; 1
11 ; 22 ; 33 ; 44 ; 55 ; 1
11 ; 22 ; 33 ; 44 ; 55 ; 1
11 ; 22 ; 33 ; 44 ; 55 ; 1
11 ; 22 ; 33 ; 44 ; 55 ; 1
11 ; 22 ; 33 ; 44 ; 55 ; 1
11 ; 22 ; 33 ; 44 ; 55 ; 1
11 ; 22 ; 33 ; 44 ; 55 ; 1
11 ; 22 ; 33 ; 44 ; 55 ; 1
11 ; 22 ; 33 ; 44 ; 55 ; 1
11 ; 22 ; 33 ; 44 ; 55 ; 1
11 ; 22 ; 33 ; 44 ; 55 ; 1
11 ; 22 ; 33 ; 44 ; 55 ; 1
11 ; 22 ; 33 ; 44 ; 55 ; 1
11 ; 22 ; 33 ; 44 ; 55 ; 1
11 ; 22 ; 33 ; 44 ; 55 ; 1
11 ; 22 ; 33 ; 44 ; 55 ; 1
11 ; 22 ; 33 ; 44 ; 55 ; 1
11 ; 22 ; 33 ; 44 ; 55 ; 1
11 ; 22 ; 33 ; 44 ; 55 ; 1
11 ; 22 ; 33 ; 44 ; 55 ; 1
11 ; 22 ; 33 ; 44 ; 55 ; 1
11 ; 22 ; 33 ; 44 ; 55 ; 1
11 ; 22 ; 33 ; 44 ; 55 ; 1
11 ; 22 ; 33 ; 44 ; 55 ; 1
11 ; 22 ; 33 ; 44 ; 55 ; 1
11 ; 22 ; 33 ; 44 ; 55 ; 1
11 ; 22 ; 33 ; 44 ; 55 ; 1
11 ; 22 ; 33 ; 44 ; 55 ; 1
11 ; 22 ; 33 ; 44 ; 55 ; 1
11 ; 22 ; 33 ; 44 ; 55 ; 1
11 ; 22 ; 33 ; 44 ; 55 ; 1
11 ; 22 ; 33 ; 44 ; 55 ; 1
11 ; 22 ; 33 ; 44 ; 55 ; 1
11 ; 22 ; 33 ; 44 ; 55 ; 1
11 ; 22 ; 33 ; 44 ; 55 ; 1
11 ; 22 ; 33 ; 44 ; 55 ; 1
11 ; 22 ; 33 ; 44 ; 55 ; 1
11 ; 22 ; 33 ; 44 ; 55 ; 1
11 ; 22 ; 33 ; 44 ; 55 ; 1
11 ; 22 ; 33 ; 44 ; 55 ; 1
11 ; 22 ; 33 ; 44 ; 55 ; 1
11 ; 22 ; 33 ; 44 ; 55 ; 1
11 ; 22 ; 33 ; 44 ; 55 ; 1
11 ; 22 ; 33 ; 44 ; 55 ; 1
11 ; 22 ; 33 ; 44 ; 55 ; 1
11 ; 22 ; 33 ; 44 ; 55 ; 1
11 ; 22 ; 33 ; 44 ; 55 ; 1
11 ; 22 ; 33 ; 44 ; 55 ; 1
11 ; 22 ; 33 ; 44 ; 55 ; 1
11 ; 22 ; 33 ; 44 ; 55 ; 1
11 ; 22 ; 33 ; 44 ; 55 ; 1
11 ; 22 ; 33 ; 44 ; 55 ; 1
11 ; 22 ; 33 ; 44 ; 55 ; 1
11 ; 22 ; 33 ; 44 ; 55 ; 1
11 ; 22 ; 33 ; 44 ; 55 ; 1
11 ; 22 ; 33 ; 44 ; 55 ; 1
11 ; 22 ; 33 ; 44 ; 55 ; 1
11 ; 22 ; 33 ; 44 ; 55 ; 1
11 ; 22 ; 33 ; 44 ; 55 ; 1
11 ; 22 ; 33 ; 44 ; 55 ; 1
11 ; 22 ; 33 ; 44 ; 55 ; 1
11 ; 22 ; 33 ; 44 ; 55 ; 1
11 ; 22 ; 33 ; 44 ; 55 ; 1
11 ; 22 ; 33 ; 44 ; 55 ; 1
11 ; 22 ; 33 ; 44 ; 55 ; 1
11 ; 22 ; 33 ; 44 ; 55 ; 1
11 ; 22 ; 33 ; 44 ; 55 ; 1
11 ; 22 ; 33 ; 44 ; 55 ; 1
11 ; 22 ; 33 ; 44 ; 55 ; 1
11 ; 22 ; 33 ; 44 ; 55 ; 1
11 ; 22 ; 33 ; 44 ; 55 ; 1
11 ; 22 ; 33 ; 44 ; 55 ; 1
11 ; 22 ; 33 ; 44 ; 55 ; 1
11 ; 22 ; 33 ; 44 ; 55 ; 1
11 ; 22 ; 33 ; 44 ; 55 ; 1
11 ; 22 ; 33 ; 44 ; 55 ; 1
11 ; 22 ; 33 ; 44 ; 55 ; 1
11 ; 22 ; 33 ; 44 ; 55 ; 1
11 ; 22 ; 33 ; 44 ; 55 ; 1
11 ; 22 ; 33 ; 44 ; 55 ; 1
11 ; 22 ; 33 ; 44 ; 55 ; 1
11 ; 22 ; 33 ; 44 ; 55 ; 1
11 ; 22 ; 33 ; 44 ; 55 ; 1
11 ; 22 ; 33 ; 44 ; 55 ; 1
11 ; 22 ; 33 ; 44 ; 55 ; 1
11 ; 22 ; 33 ; 44 ; 55 ; 1
11 ; 22 ; 33 ; 44 ; 55 ; 1
11 ; 22 ; 33 ; 44 ; 55 ; 1
11 ; 22 ; 33 ; 44 ; 55 ; 1
11 ; 22 ; 33 ; 44 ; 55 ; 1
11 ; 22 ; 33 ; 44 ; 55 ; 1
11 ; 22 ; 33 ; 44 ; 55 ; 1
11 ; 22 ; 33 ; 44 ; 55 ; 1
11 ; 22 ; 33 ; 44 ; 55 ; 1
11 ; 22 ; 33 ; 44 ; 55 ; 1
11 ; 22 ; 33 ; 44 ; 55 ; 1
11 ; 22 ; 33 ; 44 ; 55 ; 1
11 ; 22 ; 33 ; 44 ; 55 ; 1
11 ; 22 ; 33 ; 44 ; 55 ; 1
11 ; 22 ; 33 ; 44 ; 55 ; 1
11 ; 22 ; 33 ; 44 ; 55 ; 1
11 ; 22 ; 33 ; 44 ; 55 ; 1
11 ; 22 ; 33 ; 44 ; 55 ; 1
11 ; 22 ; 33 ; 44 ; 55 ; 1
11 ; 22 ; 33 ; 44 ; 55 ; 1
11 ; 22 ; 33 ; 44 ; 55 ; 1
11 ; 22 ; 33 ; 44 ; 55 ; 1
11 ; 22 ; 33 ; 44 ; 55 ; 1
11 ; 22 ; 33 ; 44 ; 55 ; 1
11 ; 22 ; 33 ; 44 ; 55 ; 1
11 ; 22 ; 33 ; 44 ; 55 ; 1
11 ; 22 ; 33 ; 44 ; 55 ; 1
11 ; 22 ; 33 ; 44 ; 55 ; 1
11 ; 22 ; 33 ; 44 ; 55 ; 1
11 ; 22 ; 33 ; 44 ; 55 ; 1
11 ; 22 ; 33 ; 44 ; 55 ; 1
11 ; 22 ; 33 ; 44 ; 55 ; 1
11 ; 22 ; 33 ; 44 ; 55 ; 1
11 ; 22 ; 33 ; 44 ; 55 ; 1
11 ; 22 ; 33 ; 44 ; 55 ; 1
11 ; 22 ; 33 ; 44 ; 55 ; 1
1234567890123 ; 22 ; 33 ; 1 ; 1 ; 1
1234567890123 ; 22 ; 33 ; 1 ; 1 ; 1
1234567890123 ; 22 ; 33 ; 1 ; 1 ; 1
1234567890123 ; 22 ; 33 ; 1 ; 1 ; 1
1234567890123 ; 22 ; 33 ; 1 ; 1 ; 1
1234567890123 ; 22 ; 33 ; 1 ; 1 ; 1
1234567890123 ; 22 ; 33 ; 1 ; 1 ; 1
1234567890123 ; 22 ; 33 ; 1 ; 1 ; 1
1234567890123 ; 22 ; 33 ; 1 ; 1 ; 1
1234567890123 ; 22 ; 33 ; 1 ; 1 ; 1
1234567890123 ; 22 ; 33 ; 1 ; 1 ; 1
1234567890123 ; 22 ; 33 ; 1 ; 1 ; 1
1234567890123 ; 22 ; 33 ; 1 ; 1 ; 1
1234567890123 ; 22 ; 33 ; 1 ; 1 ; 1
1234567890123 ; 22 ; 33 ; 1 ; 1 ; 1
1234567890123 ; 22 ; 33 ; 1 ; 1 ; 1
1234567890123 ; 22 ; 33 ; 1 ; 1 ; 1
1234567890123 ; 22 ; 33 ; 1 ; 1 ; 1
1234567890123 ; 22 ; 33 ; 1 ; 1 ; 1
1234567890123 ; 22 ; 33 ; 1 ; 1 ; 1
1234567890123 ; 22 ; 33 ; 1 ; 1 ; 1
1234567890123 ; 22 ; 33 ; 1 ; 1 ; 1
1234567890123 ; 22 ; 33 ; 1 ; 1 ; 1
1234567890123 ; 22 ; 33 ; 1 ; 1 ; 1
1234567890123 ; 22 ; 33 ; 1 ; 1 ; 1
1234567890123 ; 22 ; 33 ; 1 ; 1 ; 1
1234567890123 ; 22 ; 33 ; 1 ; 1 ; 1
1234567890123 ; 22 ; 33 ; 1 ; 1 ; 2
1234567890123 ; 22 ; 33 ; 1 ; 1 ; 2
1234567890123 ; 22 ; 33 ; 1 ; 1 ; 2
1234567890123 ; 22 ; 33 ; 1 ; 1 ; 2
1234567890123 ; 22 ; 33 ; 1 ; 1 ; 2
1234567890123 ; 22 ; 33 ; 1 ; 1 ; 2
1234567890123 ; 22 ; 33 ; 1 ; 1 ; 2
1234567890123 ; 22 ; 33 ; 1 ; 1 ; 2
1234567890123 ; 22 ; 33 ; 1 ; 1 ; 2
1234567890123 ; 22 ; 33 ; 1 ; 1 ; 2
1234567890123 ; 22 ; 33 ; 1 ; 1 ; 2
1234567890123 ; 22 ; 33 ; 1 ; 1 ; 2
1234567890123 ; 22 ; 33 ; 1 ; 1 ; 2
1234567890123 ; 22 ; 33 ; 1 ; 1 ; 2
1234567890123 ; 22 ; 33 ; 1 ; 1 ; 2
1234567890123 ; 22 ; 33 ; 1 ; 1 ; 2
1234567890123 ; 22 ; 33 ; 1 ; 1 ; 2
1234567890123 ; 22 ; 33 ; 1 ; 1 ; 2
1234567890123 ; 22 ; 33 ; 1 ; 1 ; 2
1234567890123 ; 22 ; 33 ; 1 ; 1 ; 2
1234567890123 ; 22 ; 33 ; 1 ; 1 ; 2
1234567890123 ; 22 ; 33 ; 1 ; 1 ; 2
1234567890123 ; 22 ; 33 ; 1 ; 1 ; 2
1234567890123 ; 22 ; 33 ; 1 ; 1 ; 2
1234567890123 ; 22 ; 33 ; 1 ; 1 ; 2
1234567890123 ; 22 ; 33 ; 1 ; 1 ; 2
1234567890123 ; 22 ; 33 ; 1 ; 1 ; 2
1234567890123 ; 22 ; 33 ; 1 ; 1 ; 2
1234567890123 ; 22 ; 33 ; 1 ; 1 ; 2
1234567890123 ; 22 ; 33 ; 1 ; 1 ; 2
1234567890123 ; 22 ; 33 ; 1 ; 1 ; 2
1234567890123 ; 22 ; 33 ; 1 ; 1 ; 2
1234567890123 ; 22 ; 33 ; 1 ; 1 ; 2
1234567890123 ; 22 ; 33 ; 1 ; 1 ; 2
1234567890123 ; 22 ; 33 ; 1 ; 1 ; 2
1234567890123 ; 22 ; 33 ; 1 ; 1 ; 2
1234567890123 ; 22 ; 33 ; 1 ; 1 ; 2
1234567890123 ; 22 ; 33 ; 1 ; 1 ; 2
1234567890123 ; 22 ; 33 ; 1 ; 1 ; 2
1234567890123 ; 22 ; 33 ; 1 ; 1 ; 2
1234567890123 ; 22 ; 33 ; 1 ; 1 ; 2
1234567890123 ; 22 ; 33 ; 1 ; 1 ; 2
1234567890123 ; 22 ; 33 ; 1 ; 1 ; 2
1234567890123 ; 22 ; 33 ; 1 ; 1 ; 2
1234567890123 ; 22 ; 33 ; 1 ; 1 ; 2
1234567890123 ; 22 ; 33 ; 1 ; 1 ; 2
1234567890123 ; 22 ; 33 ; 1 ; 1 ; 2
1 ; 2 ; 33 ; 44 ; 55 ; 2
11 ; 22 ; 33 ; 1 ; 2 ; 2
11 ; 22 ; 33 ; 1 ; 2 ; 2
11 ; 22 ; 33 ; 1 ; 2 ; 2
11 ; 22 ; 33 ; 1 ; 2 ; 2
11 ; 22 ; 33 ; 1 ; 2 ; 2
11 ; 22 ; 33 ; 1 ; 2 ; 2
11 ; 22 ; 33 ; 1 ; 2 ; 2
11 ; 22 ; 33 ; 1 ; 2 ; 2
11 ; 22 ; 33 ; 2 ; 2 ; 2
11 ; 22 ; 33 ; 2 ; 2 ; 2
11 ; 22 ; 33 ; 1 ; 2 ; 2
11 ; 22 ; 33 ; 1 ; 2 ; 2
11 ; 22 ; 33 ; 1 ; 2 ; 2
11 ; 22 ; 33 ; 2 ; 2 ; 2
11 ; 22 ; 33 ; 1 ; 2 ; 2
11 ; 22 ; 33 ; 2 ; 2 ; 2
11 ; 22 ; 33 ; 1 ; 2 ; 2
11 ; 22 ; 33 ; 2 ; 2 ; 2
11 ; 22 ; 33 ; 1 ; 2 ; 2
11 ; 22 ; 33 ; 2 ; 2 ; 2
11 ; 22 ; 33 ; 1 ; 1 ; 2
11 ; 22 ; 33 ; 1 ; 1 ; 2
1 ; 2 ; 33 ; 44 ; 55 ; 2
1 ; 2 ; 33 ; 44 ; 55 ; 2
1 ; 2 ; 33 ; 1 ; 1 ; 2
1 ; 2 ; 33 ; 1 ; 1 ; 2
1 ; 2 ; 33 ; 1 ; 1 ; 2
1 ; 2 ; 33 ; 1 ; 1 ; 2
1 ; 2 ; 33 ; 1 ; 1 ; 2
1 ; 2 ; 33 ; 1 ; 1 ; 2
1 ; 2 ; 33 ; 1 ; 1 ; 2
1 ; 2 ; 33 ; 1 ; 1 ; 2
1 ; 2 ; 33 ; 1 ; 1 ; 2
1 ; 2 ; 33 ; 1 ; 1 ; 2
